<?xml version="1.0" encoding="UTF-8"?>
<testsuite xmlns:xsi="http://www.w3.org/2001/XMLSchema-instance" xsi:noNamespaceSchemaLocation="https://maven.apache.org/surefire/maven-surefire-plugin/xsd/surefire-test-report.xsd" name="com.gmail.michzuerch.ui.utils.converters.LocalTimeConverterTest" time="0.007" tests="1" errors="0" skipped="0" failures="0">
  <properties>
    <property name="sun.desktop" value="windows"/>
    <property name="awt.toolkit" value="sun.awt.windows.WToolkit"/>
    <property name="java.specification.version" value="12"/>
    <property name="sun.cpu.isalist" value="amd64"/>
    <property name="sun.jnu.encoding" value="Cp1252"/>
    <property name="java.class.path" value="C:\Users\Internet\Portable\github\vaadin-starter\target\test-classes;C:\Users\Internet\Portable\github\vaadin-starter\target\classes;C:\Users\Internet\Portable\maven\m2\javax\servlet\javax.servlet-api\4.0.1\javax.servlet-api-4.0.1.jar;C:\Users\Internet\Portable\maven\m2\commons-logging\commons-logging\1.1.1\commons-logging-1.1.1.jar;C:\Users\Internet\Portable\maven\m2\com\h2database\h2\1.4.199\h2-1.4.199.jar;C:\Users\Internet\Portable\maven\m2\com\vaadin\vaadin\14.0.9\vaadin-14.0.9.jar;C:\Users\Internet\Portable\maven\m2\com\vaadin\vaadin-core\14.0.9\vaadin-core-14.0.9.jar;C:\Users\Internet\Portable\maven\m2\com\vaadin\flow-html-components\2.0.15\flow-html-components-2.0.15.jar;C:\Users\Internet\Portable\maven\m2\com\vaadin\vaadin-lumo-theme\2.0.15\vaadin-lumo-theme-2.0.15.jar;C:\Users\Internet\Portable\maven\m2\com\vaadin\vaadin-material-theme\2.0.15\vaadin-material-theme-2.0.15.jar;C:\Users\Internet\Portable\maven\m2\com\vaadin\vaadin-accordion-flow\2.0.0\vaadin-accordion-flow-2.0.0.jar;C:\Users\Internet\Portable\maven\m2\com\vaadin\vaadin-button-flow\2.0.1\vaadin-button-flow-2.0.1.jar;C:\Users\Internet\Portable\maven\m2\com\vaadin\vaadin-checkbox-flow\2.0.1\vaadin-checkbox-flow-2.0.1.jar;C:\Users\Internet\Portable\maven\m2\com\vaadin\vaadin-combo-box-flow\3.0.4\vaadin-combo-box-flow-3.0.4.jar;C:\Users\Internet\Portable\maven\m2\com\vaadin\vaadin-custom-field-flow\3.0.1\vaadin-custom-field-flow-3.0.1.jar;C:\Users\Internet\Portable\maven\m2\com\vaadin\vaadin-date-picker-flow\2.0.3\vaadin-date-picker-flow-2.0.3.jar;C:\Users\Internet\Portable\maven\m2\com\vaadin\vaadin-details-flow\2.0.0\vaadin-details-flow-2.0.0.jar;C:\Users\Internet\Portable\maven\m2\com\vaadin\vaadin-time-picker-flow\2.0.2\vaadin-time-picker-flow-2.0.2.jar;C:\Users\Internet\Portable\maven\m2\com\vaadin\vaadin-select-flow\2.0.1\vaadin-select-flow-2.0.1.jar;C:\Users\Internet\Portable\maven\m2\com\vaadin\vaadin-dialog-flow\2.0.1\vaadin-dialog-flow-2.0.1.jar;C:\Users\Internet\Portable\maven\m2\com\vaadin\vaadin-form-layout-flow\2.0.2\vaadin-form-layout-flow-2.0.2.jar;C:\Users\Internet\Portable\maven\m2\com\vaadin\vaadin-grid-flow\4.0.8\vaadin-grid-flow-4.0.8.jar;C:\Users\Internet\Portable\maven\m2\org\webjars\npm\vaadin__vaadin-mobile-drag-drop\1.0.0\vaadin__vaadin-mobile-drag-drop-1.0.0.jar;C:\Users\Internet\Portable\maven\m2\org\webjars\npm\mobile-drag-drop\2.3.0-rc.1\mobile-drag-drop-2.3.0-rc.1.jar;C:\Users\Internet\Portable\maven\m2\org\apache\commons\commons-lang3\3.8.1\commons-lang3-3.8.1.jar;C:\Users\Internet\Portable\maven\m2\com\vaadin\vaadin-icons-flow\2.0.0\vaadin-icons-flow-2.0.0.jar;C:\Users\Internet\Portable\maven\m2\com\vaadin\vaadin-iron-list-flow\2.0.0\vaadin-iron-list-flow-2.0.0.jar;C:\Users\Internet\Portable\maven\m2\com\vaadin\vaadin-list-box-flow\2.0.0\vaadin-list-box-flow-2.0.0.jar;C:\Users\Internet\Portable\maven\m2\com\vaadin\vaadin-login-flow\2.0.0\vaadin-login-flow-2.0.0.jar;C:\Users\Internet\Portable\maven\m2\com\vaadin\vaadin-ordered-layout-flow\2.0.0\vaadin-ordered-layout-flow-2.0.0.jar;C:\Users\Internet\Portable\maven\m2\com\vaadin\vaadin-progress-bar-flow\2.0.2\vaadin-progress-bar-flow-2.0.2.jar;C:\Users\Internet\Portable\maven\m2\com\vaadin\vaadin-radio-button-flow\2.0.1\vaadin-radio-button-flow-2.0.1.jar;C:\Users\Internet\Portable\maven\m2\com\vaadin\vaadin-split-layout-flow\2.0.2\vaadin-split-layout-flow-2.0.2.jar;C:\Users\Internet\Portable\maven\m2\com\vaadin\vaadin-tabs-flow\2.0.4\vaadin-tabs-flow-2.0.4.jar;C:\Users\Internet\Portable\maven\m2\com\vaadin\vaadin-text-field-flow\2.0.5\vaadin-text-field-flow-2.0.5.jar;C:\Users\Internet\Portable\maven\m2\com\vaadin\vaadin-upload-flow\2.0.1\vaadin-upload-flow-2.0.1.jar;C:\Users\Internet\Portable\maven\m2\com\vaadin\vaadin-notification-flow\2.0.0\vaadin-notification-flow-2.0.0.jar;C:\Users\Internet\Portable\maven\m2\com\vaadin\vaadin-app-layout-flow\2.0.3\vaadin-app-layout-flow-2.0.3.jar;C:\Users\Internet\Portable\maven\m2\com\vaadin\vaadin-context-menu-flow\3.0.4\vaadin-context-menu-flow-3.0.4.jar;C:\Users\Internet\Portable\maven\m2\com\vaadin\vaadin-menu-bar-flow\1.0.2\vaadin-menu-bar-flow-1.0.2.jar;C:\Users\Internet\Portable\maven\m2\com\vaadin\vaadin-board-flow\3.0.0\vaadin-board-flow-3.0.0.jar;C:\Users\Internet\Portable\maven\m2\com\vaadin\vaadin-charts-flow\7.0.1\vaadin-charts-flow-7.0.1.jar;C:\Users\Internet\Portable\maven\m2\com\fasterxml\jackson\core\jackson-databind\2.9.9\jackson-databind-2.9.9.jar;C:\Users\Internet\Portable\maven\m2\com\fasterxml\jackson\core\jackson-annotations\2.9.0\jackson-annotations-2.9.0.jar;C:\Users\Internet\Portable\maven\m2\com\fasterxml\jackson\core\jackson-core\2.9.9\jackson-core-2.9.9.jar;C:\Users\Internet\Portable\maven\m2\com\vaadin\vaadin-confirm-dialog-flow\2.0.1\vaadin-confirm-dialog-flow-2.0.1.jar;C:\Users\Internet\Portable\maven\m2\com\vaadin\vaadin-cookie-consent-flow\2.0.1\vaadin-cookie-consent-flow-2.0.1.jar;C:\Users\Internet\Portable\maven\m2\com\vaadin\vaadin-crud-flow\2.0.1\vaadin-crud-flow-2.0.1.jar;C:\Users\Internet\Portable\maven\m2\com\vaadin\vaadin-grid-pro-flow\2.0.2\vaadin-grid-pro-flow-2.0.2.jar;C:\Users\Internet\Portable\maven\m2\com\vaadin\vaadin-rich-text-editor-flow\2.0.0\vaadin-rich-text-editor-flow-2.0.0.jar;C:\Users\Internet\Portable\maven\m2\com\vaadin\vaadin-spring\12.0.6\vaadin-spring-12.0.6.jar;C:\Users\Internet\Portable\maven\m2\com\vaadin\flow-server\2.0.15\flow-server-2.0.15.jar;C:\Users\Internet\Portable\maven\m2\org\slf4j\slf4j-api\1.7.26\slf4j-api-1.7.26.jar;C:\Users\Internet\Portable\maven\m2\com\vaadin\external\gwt\gwt-elemental\2.8.2.vaadin2\gwt-elemental-2.8.2.vaadin2.jar;C:\Users\Internet\Portable\maven\m2\commons-fileupload\commons-fileupload\1.3.3\commons-fileupload-1.3.3.jar;C:\Users\Internet\Portable\maven\m2\commons-io\commons-io\2.5\commons-io-2.5.jar;C:\Users\Internet\Portable\maven\m2\org\jsoup\jsoup\1.11.3\jsoup-1.11.3.jar;C:\Users\Internet\Portable\maven\m2\com\helger\ph-css\6.1.1\ph-css-6.1.1.jar;C:\Users\Internet\Portable\maven\m2\com\helger\ph-commons\9.1.2\ph-commons-9.1.2.jar;C:\Users\Internet\Portable\maven\m2\net\bytebuddy\byte-buddy\1.9.16\byte-buddy-1.9.16.jar;C:\Users\Internet\Portable\maven\m2\com\vaadin\external\gentyref\1.2.0.vaadin1\gentyref-1.2.0.vaadin1.jar;C:\Users\Internet\Portable\maven\m2\com\vaadin\flow-push\2.0.15\flow-push-2.0.15.jar;C:\Users\Internet\Portable\maven\m2\com\vaadin\external\atmosphere\atmosphere-runtime\2.4.30.slf4jvaadin1\atmosphere-runtime-2.4.30.slf4jvaadin1.jar;C:\Users\Internet\Portable\maven\m2\com\vaadin\flow-client\2.0.15\flow-client-2.0.15.jar;C:\Users\Internet\Portable\maven\m2\org\springframework\spring-webmvc\5.1.9.RELEASE\spring-webmvc-5.1.9.RELEASE.jar;C:\Users\Internet\Portable\maven\m2\org\springframework\spring-websocket\5.1.9.RELEASE\spring-websocket-5.1.9.RELEASE.jar;C:\Users\Internet\Portable\maven\m2\org\vaadin\artur\spring-data-provider\2.0.1\spring-data-provider-2.0.1.jar;C:\Users\Internet\Portable\maven\m2\com\vaadin\flow-data\2.0.15\flow-data-2.0.15.jar;C:\Users\Internet\Portable\maven\m2\javax\validation\validation-api\2.0.1.Final\validation-api-2.0.1.Final.jar;C:\Users\Internet\Portable\maven\m2\org\springframework\boot\spring-boot\2.1.7.RELEASE\spring-boot-2.1.7.RELEASE.jar;C:\Users\Internet\Portable\maven\m2\org\springframework\spring-core\5.1.9.RELEASE\spring-core-5.1.9.RELEASE.jar;C:\Users\Internet\Portable\maven\m2\org\springframework\spring-jcl\5.1.9.RELEASE\spring-jcl-5.1.9.RELEASE.jar;C:\Users\Internet\Portable\maven\m2\org\springframework\spring-context\5.1.9.RELEASE\spring-context-5.1.9.RELEASE.jar;C:\Users\Internet\Portable\maven\m2\org\springframework\boot\spring-boot-autoconfigure\2.1.7.RELEASE\spring-boot-autoconfigure-2.1.7.RELEASE.jar;C:\Users\Internet\Portable\maven\m2\org\springframework\boot\spring-boot-starter-data-jpa\2.1.7.RELEASE\spring-boot-starter-data-jpa-2.1.7.RELEASE.jar;C:\Users\Internet\Portable\maven\m2\org\springframework\boot\spring-boot-starter-aop\2.1.7.RELEASE\spring-boot-starter-aop-2.1.7.RELEASE.jar;C:\Users\Internet\Portable\maven\m2\org\aspectj\aspectjweaver\1.9.4\aspectjweaver-1.9.4.jar;C:\Users\Internet\Portable\maven\m2\org\springframework\boot\spring-boot-starter-jdbc\2.1.7.RELEASE\spring-boot-starter-jdbc-2.1.7.RELEASE.jar;C:\Users\Internet\Portable\maven\m2\com\zaxxer\HikariCP\3.2.0\HikariCP-3.2.0.jar;C:\Users\Internet\Portable\maven\m2\org\springframework\spring-jdbc\5.1.9.RELEASE\spring-jdbc-5.1.9.RELEASE.jar;C:\Users\Internet\Portable\maven\m2\javax\transaction\javax.transaction-api\1.3\javax.transaction-api-1.3.jar;C:\Users\Internet\Portable\maven\m2\org\hibernate\hibernate-core\5.3.10.Final\hibernate-core-5.3.10.Final.jar;C:\Users\Internet\Portable\maven\m2\org\jboss\logging\jboss-logging\3.3.2.Final\jboss-logging-3.3.2.Final.jar;C:\Users\Internet\Portable\maven\m2\javax\persistence\javax.persistence-api\2.2\javax.persistence-api-2.2.jar;C:\Users\Internet\Portable\maven\m2\org\javassist\javassist\3.23.2-GA\javassist-3.23.2-GA.jar;C:\Users\Internet\Portable\maven\m2\antlr\antlr\2.7.7\antlr-2.7.7.jar;C:\Users\Internet\Portable\maven\m2\org\jboss\jandex\2.0.5.Final\jandex-2.0.5.Final.jar;C:\Users\Internet\Portable\maven\m2\com\fasterxml\classmate\1.4.0\classmate-1.4.0.jar;C:\Users\Internet\Portable\maven\m2\org\dom4j\dom4j\2.1.1\dom4j-2.1.1.jar;C:\Users\Internet\Portable\maven\m2\org\hibernate\common\hibernate-commons-annotations\5.0.4.Final\hibernate-commons-annotations-5.0.4.Final.jar;C:\Users\Internet\Portable\maven\m2\org\springframework\data\spring-data-jpa\2.1.10.RELEASE\spring-data-jpa-2.1.10.RELEASE.jar;C:\Users\Internet\Portable\maven\m2\org\springframework\data\spring-data-commons\2.1.10.RELEASE\spring-data-commons-2.1.10.RELEASE.jar;C:\Users\Internet\Portable\maven\m2\org\springframework\spring-orm\5.1.9.RELEASE\spring-orm-5.1.9.RELEASE.jar;C:\Users\Internet\Portable\maven\m2\org\springframework\spring-tx\5.1.9.RELEASE\spring-tx-5.1.9.RELEASE.jar;C:\Users\Internet\Portable\maven\m2\org\springframework\spring-aspects\5.1.9.RELEASE\spring-aspects-5.1.9.RELEASE.jar;C:\Users\Internet\Portable\maven\m2\org\springframework\spring-web\5.1.9.RELEASE\spring-web-5.1.9.RELEASE.jar;C:\Users\Internet\Portable\maven\m2\org\springframework\spring-beans\5.1.9.RELEASE\spring-beans-5.1.9.RELEASE.jar;C:\Users\Internet\Portable\maven\m2\org\springframework\boot\spring-boot-starter-tomcat\2.1.7.RELEASE\spring-boot-starter-tomcat-2.1.7.RELEASE.jar;C:\Users\Internet\Portable\maven\m2\javax\annotation\javax.annotation-api\1.3.2\javax.annotation-api-1.3.2.jar;C:\Users\Internet\Portable\maven\m2\org\apache\tomcat\embed\tomcat-embed-core\9.0.22\tomcat-embed-core-9.0.22.jar;C:\Users\Internet\Portable\maven\m2\org\apache\tomcat\embed\tomcat-embed-el\9.0.22\tomcat-embed-el-9.0.22.jar;C:\Users\Internet\Portable\maven\m2\org\apache\tomcat\embed\tomcat-embed-websocket\9.0.22\tomcat-embed-websocket-9.0.22.jar;C:\Users\Internet\Portable\maven\m2\org\springframework\security\spring-security-web\5.1.6.RELEASE\spring-security-web-5.1.6.RELEASE.jar;C:\Users\Internet\Portable\maven\m2\org\springframework\security\spring-security-core\5.1.6.RELEASE\spring-security-core-5.1.6.RELEASE.jar;C:\Users\Internet\Portable\maven\m2\org\springframework\spring-aop\5.1.9.RELEASE\spring-aop-5.1.9.RELEASE.jar;C:\Users\Internet\Portable\maven\m2\org\springframework\spring-expression\5.1.9.RELEASE\spring-expression-5.1.9.RELEASE.jar;C:\Users\Internet\Portable\maven\m2\org\springframework\security\spring-security-config\5.1.6.RELEASE\spring-security-config-5.1.6.RELEASE.jar;C:\Users\Internet\Portable\maven\m2\org\springframework\boot\spring-boot-starter-web\2.1.7.RELEASE\spring-boot-starter-web-2.1.7.RELEASE.jar;C:\Users\Internet\Portable\maven\m2\org\springframework\boot\spring-boot-starter\2.1.7.RELEASE\spring-boot-starter-2.1.7.RELEASE.jar;C:\Users\Internet\Portable\maven\m2\org\springframework\boot\spring-boot-starter-logging\2.1.7.RELEASE\spring-boot-starter-logging-2.1.7.RELEASE.jar;C:\Users\Internet\Portable\maven\m2\ch\qos\logback\logback-classic\1.2.3\logback-classic-1.2.3.jar;C:\Users\Internet\Portable\maven\m2\ch\qos\logback\logback-core\1.2.3\logback-core-1.2.3.jar;C:\Users\Internet\Portable\maven\m2\org\apache\logging\log4j\log4j-to-slf4j\2.11.2\log4j-to-slf4j-2.11.2.jar;C:\Users\Internet\Portable\maven\m2\org\apache\logging\log4j\log4j-api\2.11.2\log4j-api-2.11.2.jar;C:\Users\Internet\Portable\maven\m2\org\slf4j\jul-to-slf4j\1.7.26\jul-to-slf4j-1.7.26.jar;C:\Users\Internet\Portable\maven\m2\org\yaml\snakeyaml\1.23\snakeyaml-1.23.jar;C:\Users\Internet\Portable\maven\m2\org\springframework\boot\spring-boot-starter-json\2.1.7.RELEASE\spring-boot-starter-json-2.1.7.RELEASE.jar;C:\Users\Internet\Portable\maven\m2\com\fasterxml\jackson\datatype\jackson-datatype-jdk8\2.9.9\jackson-datatype-jdk8-2.9.9.jar;C:\Users\Internet\Portable\maven\m2\com\fasterxml\jackson\datatype\jackson-datatype-jsr310\2.9.9\jackson-datatype-jsr310-2.9.9.jar;C:\Users\Internet\Portable\maven\m2\com\fasterxml\jackson\module\jackson-module-parameter-names\2.9.9\jackson-module-parameter-names-2.9.9.jar;C:\Users\Internet\Portable\maven\m2\org\hibernate\validator\hibernate-validator\6.0.17.Final\hibernate-validator-6.0.17.Final.jar;C:\Users\Internet\Portable\maven\m2\javax\xml\bind\jaxb-api\2.3.1\jaxb-api-2.3.1.jar;C:\Users\Internet\Portable\maven\m2\javax\activation\javax.activation-api\1.2.0\javax.activation-api-1.2.0.jar;C:\Users\Internet\Portable\maven\m2\org\reactivestreams\reactive-streams\1.0.2\reactive-streams-1.0.2.jar;C:\Users\Internet\Portable\maven\m2\com\vaadin\vaadin-testbench\14.0.9\vaadin-testbench-14.0.9.jar;C:\Users\Internet\Portable\maven\m2\com\vaadin\vaadin-testbench-core\6.2.0\vaadin-testbench-core-6.2.0.jar;C:\Users\Internet\Portable\maven\m2\commons-codec\commons-codec\1.11\commons-codec-1.11.jar;C:\Users\Internet\Portable\maven\m2\org\seleniumhq\selenium\selenium-remote-driver\3.141.59\selenium-remote-driver-3.141.59.jar;C:\Users\Internet\Portable\maven\m2\org\seleniumhq\selenium\selenium-api\3.141.59\selenium-api-3.141.59.jar;C:\Users\Internet\Portable\maven\m2\org\apache\commons\commons-exec\1.3\commons-exec-1.3.jar;C:\Users\Internet\Portable\maven\m2\com\google\guava\guava\25.0-jre\guava-25.0-jre.jar;C:\Users\Internet\Portable\maven\m2\com\google\code\findbugs\jsr305\1.3.9\jsr305-1.3.9.jar;C:\Users\Internet\Portable\maven\m2\org\checkerframework\checker-compat-qual\2.0.0\checker-compat-qual-2.0.0.jar;C:\Users\Internet\Portable\maven\m2\com\google\errorprone\error_prone_annotations\2.1.3\error_prone_annotations-2.1.3.jar;C:\Users\Internet\Portable\maven\m2\com\google\j2objc\j2objc-annotations\1.1\j2objc-annotations-1.1.jar;C:\Users\Internet\Portable\maven\m2\org\codehaus\mojo\animal-sniffer-annotations\1.14\animal-sniffer-annotations-1.14.jar;C:\Users\Internet\Portable\maven\m2\com\squareup\okhttp3\okhttp\3.11.0\okhttp-3.11.0.jar;C:\Users\Internet\Portable\maven\m2\com\squareup\okio\okio\1.14.0\okio-1.14.0.jar;C:\Users\Internet\Portable\maven\m2\org\seleniumhq\selenium\selenium-java\3.141.59\selenium-java-3.141.59.jar;C:\Users\Internet\Portable\maven\m2\org\seleniumhq\selenium\selenium-chrome-driver\3.141.59\selenium-chrome-driver-3.141.59.jar;C:\Users\Internet\Portable\maven\m2\org\seleniumhq\selenium\selenium-edge-driver\3.141.59\selenium-edge-driver-3.141.59.jar;C:\Users\Internet\Portable\maven\m2\org\seleniumhq\selenium\selenium-firefox-driver\3.141.59\selenium-firefox-driver-3.141.59.jar;C:\Users\Internet\Portable\maven\m2\org\seleniumhq\selenium\selenium-ie-driver\3.141.59\selenium-ie-driver-3.141.59.jar;C:\Users\Internet\Portable\maven\m2\org\seleniumhq\selenium\selenium-opera-driver\3.141.59\selenium-opera-driver-3.141.59.jar;C:\Users\Internet\Portable\maven\m2\org\seleniumhq\selenium\selenium-safari-driver\3.141.59\selenium-safari-driver-3.141.59.jar;C:\Users\Internet\Portable\maven\m2\org\seleniumhq\selenium\selenium-support\3.141.59\selenium-support-3.141.59.jar;C:\Users\Internet\Portable\maven\m2\junit\junit\4.12\junit-4.12.jar;C:\Users\Internet\Portable\maven\m2\org\hamcrest\hamcrest-core\1.3\hamcrest-core-1.3.jar;C:\Users\Internet\Portable\maven\m2\org\easymock\easymock\3.1\easymock-3.1.jar;C:\Users\Internet\Portable\maven\m2\cglib\cglib-nodep\2.2.2\cglib-nodep-2.2.2.jar;C:\Users\Internet\Portable\maven\m2\org\objenesis\objenesis\1.2\objenesis-1.2.jar;C:\Users\Internet\Portable\maven\m2\com\vaadin\license-checker\1.0.0\license-checker-1.0.0.jar;C:\Users\Internet\Portable\maven\m2\com\google\gwt\gwt-elemental\2.8.0\gwt-elemental-2.8.0.jar;C:\Users\Internet\Portable\maven\m2\com\vaadin\flow-html-components-testbench\2.0.15\flow-html-components-testbench-2.0.15.jar;C:\Users\Internet\Portable\maven\m2\com\vaadin\vaadin-accordion-testbench\2.0.0\vaadin-accordion-testbench-2.0.0.jar;C:\Users\Internet\Portable\maven\m2\org\webjars\bowergithub\polymer\polymer\2.7.0\polymer-2.7.0.jar;C:\Users\Internet\Portable\maven\m2\org\webjars\bowergithub\webcomponents\webcomponentsjs\1.2.6\webcomponentsjs-1.2.6.jar;C:\Users\Internet\Portable\maven\m2\org\webjars\bowergithub\webcomponents\shadycss\1.8.0\shadycss-1.8.0.jar;C:\Users\Internet\Portable\maven\m2\org\webjars\bowergithub\vaadin\vaadin-element-mixin\2.1.3\vaadin-element-mixin-2.1.3.jar;C:\Users\Internet\Portable\maven\m2\org\webjars\bowergithub\vaadin\vaadin-usage-statistics\2.0.11\vaadin-usage-statistics-2.0.11.jar;C:\Users\Internet\Portable\maven\m2\org\webjars\bowergithub\vaadin\vaadin-development-mode-detector\2.0.4\vaadin-development-mode-detector-2.0.4.jar;C:\Users\Internet\Portable\maven\m2\com\vaadin\vaadin-app-layout-testbench\2.0.3\vaadin-app-layout-testbench-2.0.3.jar;C:\Users\Internet\Portable\maven\m2\com\vaadin\vaadin-board-testbench\3.0.0\vaadin-board-testbench-3.0.0.jar;C:\Users\Internet\Portable\maven\m2\com\vaadin\vaadin-button-testbench\2.0.1\vaadin-button-testbench-2.0.1.jar;C:\Users\Internet\Portable\maven\m2\com\vaadin\vaadin-charts-testbench\7.0.1\vaadin-charts-testbench-7.0.1.jar;C:\Users\Internet\Portable\maven\m2\com\vaadin\vaadin-checkbox-testbench\2.0.1\vaadin-checkbox-testbench-2.0.1.jar;C:\Users\Internet\Portable\maven\m2\com\vaadin\vaadin-combo-box-testbench\3.0.4\vaadin-combo-box-testbench-3.0.4.jar;C:\Users\Internet\Portable\maven\m2\com\vaadin\vaadin-confirm-dialog-testbench\2.0.1\vaadin-confirm-dialog-testbench-2.0.1.jar;C:\Users\Internet\Portable\maven\m2\com\vaadin\vaadin-context-menu-testbench\3.0.4\vaadin-context-menu-testbench-3.0.4.jar;C:\Users\Internet\Portable\maven\m2\com\vaadin\vaadin-cookie-consent-testbench\2.0.1\vaadin-cookie-consent-testbench-2.0.1.jar;C:\Users\Internet\Portable\maven\m2\com\vaadin\vaadin-crud-testbench\2.0.1\vaadin-crud-testbench-2.0.1.jar;C:\Users\Internet\Portable\maven\m2\com\vaadin\vaadin-custom-field-testbench\3.0.1\vaadin-custom-field-testbench-3.0.1.jar;C:\Users\Internet\Portable\maven\m2\com\vaadin\vaadin-date-picker-testbench\2.0.3\vaadin-date-picker-testbench-2.0.3.jar;C:\Users\Internet\Portable\maven\m2\com\vaadin\vaadin-details-testbench\2.0.0\vaadin-details-testbench-2.0.0.jar;C:\Users\Internet\Portable\maven\m2\com\vaadin\vaadin-dialog-testbench\2.0.1\vaadin-dialog-testbench-2.0.1.jar;C:\Users\Internet\Portable\maven\m2\com\vaadin\vaadin-form-layout-testbench\2.0.2\vaadin-form-layout-testbench-2.0.2.jar;C:\Users\Internet\Portable\maven\m2\com\vaadin\vaadin-grid-testbench\4.0.8\vaadin-grid-testbench-4.0.8.jar;C:\Users\Internet\Portable\maven\m2\com\vaadin\vaadin-grid-pro-testbench\2.0.2\vaadin-grid-pro-testbench-2.0.2.jar;C:\Users\Internet\Portable\maven\m2\com\vaadin\vaadin-icons-testbench\2.0.0\vaadin-icons-testbench-2.0.0.jar;C:\Users\Internet\Portable\maven\m2\com\vaadin\vaadin-iron-list-testbench\2.0.0\vaadin-iron-list-testbench-2.0.0.jar;C:\Users\Internet\Portable\maven\m2\com\vaadin\vaadin-list-box-testbench\2.0.0\vaadin-list-box-testbench-2.0.0.jar;C:\Users\Internet\Portable\maven\m2\com\vaadin\vaadin-login-testbench\2.0.0\vaadin-login-testbench-2.0.0.jar;C:\Users\Internet\Portable\maven\m2\com\vaadin\vaadin-menu-bar-testbench\1.0.2\vaadin-menu-bar-testbench-1.0.2.jar;C:\Users\Internet\Portable\maven\m2\com\vaadin\vaadin-notification-testbench\2.0.0\vaadin-notification-testbench-2.0.0.jar;C:\Users\Internet\Portable\maven\m2\com\vaadin\vaadin-ordered-layout-testbench\2.0.0\vaadin-ordered-layout-testbench-2.0.0.jar;C:\Users\Internet\Portable\maven\m2\com\vaadin\vaadin-progress-bar-testbench\2.0.2\vaadin-progress-bar-testbench-2.0.2.jar;C:\Users\Internet\Portable\maven\m2\com\vaadin\vaadin-radio-button-testbench\2.0.1\vaadin-radio-button-testbench-2.0.1.jar;C:\Users\Internet\Portable\maven\m2\com\vaadin\vaadin-rich-text-editor-testbench\2.0.0\vaadin-rich-text-editor-testbench-2.0.0.jar;C:\Users\Internet\Portable\maven\m2\com\vaadin\vaadin-select-testbench\2.0.1\vaadin-select-testbench-2.0.1.jar;C:\Users\Internet\Portable\maven\m2\com\vaadin\vaadin-split-layout-testbench\2.0.2\vaadin-split-layout-testbench-2.0.2.jar;C:\Users\Internet\Portable\maven\m2\com\vaadin\vaadin-tabs-testbench\2.0.4\vaadin-tabs-testbench-2.0.4.jar;C:\Users\Internet\Portable\maven\m2\com\vaadin\vaadin-text-field-testbench\2.0.5\vaadin-text-field-testbench-2.0.5.jar;C:\Users\Internet\Portable\maven\m2\com\vaadin\vaadin-time-picker-testbench\2.0.2\vaadin-time-picker-testbench-2.0.2.jar;C:\Users\Internet\Portable\maven\m2\com\vaadin\vaadin-upload-testbench\2.0.1\vaadin-upload-testbench-2.0.1.jar;"/>
    <property name="java.vm.vendor" value="AdoptOpenJDK"/>
    <property name="sun.arch.data.model" value="64"/>
    <property name="user.variant" value=""/>
    <property name="java.vendor.url" value="https://adoptopenjdk.net/"/>
    <property name="os.name" value="Windows 7"/>
    <property name="java.vm.specification.version" value="12"/>
    <property name="sun.java.launcher" value="SUN_STANDARD"/>
    <property name="user.country" value="DE"/>
    <property name="sun.boot.library.path" value="C:\Users\Internet\Portable\PortableApps\CommonFiles\OpenJDK64\bin"/>
    <property name="sun.java.command" value="C:\Users\Internet\AppData\Local\Temp\ConsolePortableTemp\surefire16649376850553191527\surefirebooter3337217384673012878.jar C:\Users\Internet\AppData\Local\Temp\ConsolePortableTemp\surefire16649376850553191527 2019-10-17T16-14-29_862-jvmRun1 surefire13338107923944203306tmp surefire_02795547071572080093tmp"/>
    <property name="jdk.debug" value="release"/>
    <property name="surefire.test.class.path" value="C:\Users\Internet\Portable\github\vaadin-starter\target\test-classes;C:\Users\Internet\Portable\github\vaadin-starter\target\classes;C:\Users\Internet\Portable\maven\m2\javax\servlet\javax.servlet-api\4.0.1\javax.servlet-api-4.0.1.jar;C:\Users\Internet\Portable\maven\m2\commons-logging\commons-logging\1.1.1\commons-logging-1.1.1.jar;C:\Users\Internet\Portable\maven\m2\com\h2database\h2\1.4.199\h2-1.4.199.jar;C:\Users\Internet\Portable\maven\m2\com\vaadin\vaadin\14.0.9\vaadin-14.0.9.jar;C:\Users\Internet\Portable\maven\m2\com\vaadin\vaadin-core\14.0.9\vaadin-core-14.0.9.jar;C:\Users\Internet\Portable\maven\m2\com\vaadin\flow-html-components\2.0.15\flow-html-components-2.0.15.jar;C:\Users\Internet\Portable\maven\m2\com\vaadin\vaadin-lumo-theme\2.0.15\vaadin-lumo-theme-2.0.15.jar;C:\Users\Internet\Portable\maven\m2\com\vaadin\vaadin-material-theme\2.0.15\vaadin-material-theme-2.0.15.jar;C:\Users\Internet\Portable\maven\m2\com\vaadin\vaadin-accordion-flow\2.0.0\vaadin-accordion-flow-2.0.0.jar;C:\Users\Internet\Portable\maven\m2\com\vaadin\vaadin-button-flow\2.0.1\vaadin-button-flow-2.0.1.jar;C:\Users\Internet\Portable\maven\m2\com\vaadin\vaadin-checkbox-flow\2.0.1\vaadin-checkbox-flow-2.0.1.jar;C:\Users\Internet\Portable\maven\m2\com\vaadin\vaadin-combo-box-flow\3.0.4\vaadin-combo-box-flow-3.0.4.jar;C:\Users\Internet\Portable\maven\m2\com\vaadin\vaadin-custom-field-flow\3.0.1\vaadin-custom-field-flow-3.0.1.jar;C:\Users\Internet\Portable\maven\m2\com\vaadin\vaadin-date-picker-flow\2.0.3\vaadin-date-picker-flow-2.0.3.jar;C:\Users\Internet\Portable\maven\m2\com\vaadin\vaadin-details-flow\2.0.0\vaadin-details-flow-2.0.0.jar;C:\Users\Internet\Portable\maven\m2\com\vaadin\vaadin-time-picker-flow\2.0.2\vaadin-time-picker-flow-2.0.2.jar;C:\Users\Internet\Portable\maven\m2\com\vaadin\vaadin-select-flow\2.0.1\vaadin-select-flow-2.0.1.jar;C:\Users\Internet\Portable\maven\m2\com\vaadin\vaadin-dialog-flow\2.0.1\vaadin-dialog-flow-2.0.1.jar;C:\Users\Internet\Portable\maven\m2\com\vaadin\vaadin-form-layout-flow\2.0.2\vaadin-form-layout-flow-2.0.2.jar;C:\Users\Internet\Portable\maven\m2\com\vaadin\vaadin-grid-flow\4.0.8\vaadin-grid-flow-4.0.8.jar;C:\Users\Internet\Portable\maven\m2\org\webjars\npm\vaadin__vaadin-mobile-drag-drop\1.0.0\vaadin__vaadin-mobile-drag-drop-1.0.0.jar;C:\Users\Internet\Portable\maven\m2\org\webjars\npm\mobile-drag-drop\2.3.0-rc.1\mobile-drag-drop-2.3.0-rc.1.jar;C:\Users\Internet\Portable\maven\m2\org\apache\commons\commons-lang3\3.8.1\commons-lang3-3.8.1.jar;C:\Users\Internet\Portable\maven\m2\com\vaadin\vaadin-icons-flow\2.0.0\vaadin-icons-flow-2.0.0.jar;C:\Users\Internet\Portable\maven\m2\com\vaadin\vaadin-iron-list-flow\2.0.0\vaadin-iron-list-flow-2.0.0.jar;C:\Users\Internet\Portable\maven\m2\com\vaadin\vaadin-list-box-flow\2.0.0\vaadin-list-box-flow-2.0.0.jar;C:\Users\Internet\Portable\maven\m2\com\vaadin\vaadin-login-flow\2.0.0\vaadin-login-flow-2.0.0.jar;C:\Users\Internet\Portable\maven\m2\com\vaadin\vaadin-ordered-layout-flow\2.0.0\vaadin-ordered-layout-flow-2.0.0.jar;C:\Users\Internet\Portable\maven\m2\com\vaadin\vaadin-progress-bar-flow\2.0.2\vaadin-progress-bar-flow-2.0.2.jar;C:\Users\Internet\Portable\maven\m2\com\vaadin\vaadin-radio-button-flow\2.0.1\vaadin-radio-button-flow-2.0.1.jar;C:\Users\Internet\Portable\maven\m2\com\vaadin\vaadin-split-layout-flow\2.0.2\vaadin-split-layout-flow-2.0.2.jar;C:\Users\Internet\Portable\maven\m2\com\vaadin\vaadin-tabs-flow\2.0.4\vaadin-tabs-flow-2.0.4.jar;C:\Users\Internet\Portable\maven\m2\com\vaadin\vaadin-text-field-flow\2.0.5\vaadin-text-field-flow-2.0.5.jar;C:\Users\Internet\Portable\maven\m2\com\vaadin\vaadin-upload-flow\2.0.1\vaadin-upload-flow-2.0.1.jar;C:\Users\Internet\Portable\maven\m2\com\vaadin\vaadin-notification-flow\2.0.0\vaadin-notification-flow-2.0.0.jar;C:\Users\Internet\Portable\maven\m2\com\vaadin\vaadin-app-layout-flow\2.0.3\vaadin-app-layout-flow-2.0.3.jar;C:\Users\Internet\Portable\maven\m2\com\vaadin\vaadin-context-menu-flow\3.0.4\vaadin-context-menu-flow-3.0.4.jar;C:\Users\Internet\Portable\maven\m2\com\vaadin\vaadin-menu-bar-flow\1.0.2\vaadin-menu-bar-flow-1.0.2.jar;C:\Users\Internet\Portable\maven\m2\com\vaadin\vaadin-board-flow\3.0.0\vaadin-board-flow-3.0.0.jar;C:\Users\Internet\Portable\maven\m2\com\vaadin\vaadin-charts-flow\7.0.1\vaadin-charts-flow-7.0.1.jar;C:\Users\Internet\Portable\maven\m2\com\fasterxml\jackson\core\jackson-databind\2.9.9\jackson-databind-2.9.9.jar;C:\Users\Internet\Portable\maven\m2\com\fasterxml\jackson\core\jackson-annotations\2.9.0\jackson-annotations-2.9.0.jar;C:\Users\Internet\Portable\maven\m2\com\fasterxml\jackson\core\jackson-core\2.9.9\jackson-core-2.9.9.jar;C:\Users\Internet\Portable\maven\m2\com\vaadin\vaadin-confirm-dialog-flow\2.0.1\vaadin-confirm-dialog-flow-2.0.1.jar;C:\Users\Internet\Portable\maven\m2\com\vaadin\vaadin-cookie-consent-flow\2.0.1\vaadin-cookie-consent-flow-2.0.1.jar;C:\Users\Internet\Portable\maven\m2\com\vaadin\vaadin-crud-flow\2.0.1\vaadin-crud-flow-2.0.1.jar;C:\Users\Internet\Portable\maven\m2\com\vaadin\vaadin-grid-pro-flow\2.0.2\vaadin-grid-pro-flow-2.0.2.jar;C:\Users\Internet\Portable\maven\m2\com\vaadin\vaadin-rich-text-editor-flow\2.0.0\vaadin-rich-text-editor-flow-2.0.0.jar;C:\Users\Internet\Portable\maven\m2\com\vaadin\vaadin-spring\12.0.6\vaadin-spring-12.0.6.jar;C:\Users\Internet\Portable\maven\m2\com\vaadin\flow-server\2.0.15\flow-server-2.0.15.jar;C:\Users\Internet\Portable\maven\m2\org\slf4j\slf4j-api\1.7.26\slf4j-api-1.7.26.jar;C:\Users\Internet\Portable\maven\m2\com\vaadin\external\gwt\gwt-elemental\2.8.2.vaadin2\gwt-elemental-2.8.2.vaadin2.jar;C:\Users\Internet\Portable\maven\m2\commons-fileupload\commons-fileupload\1.3.3\commons-fileupload-1.3.3.jar;C:\Users\Internet\Portable\maven\m2\commons-io\commons-io\2.5\commons-io-2.5.jar;C:\Users\Internet\Portable\maven\m2\org\jsoup\jsoup\1.11.3\jsoup-1.11.3.jar;C:\Users\Internet\Portable\maven\m2\com\helger\ph-css\6.1.1\ph-css-6.1.1.jar;C:\Users\Internet\Portable\maven\m2\com\helger\ph-commons\9.1.2\ph-commons-9.1.2.jar;C:\Users\Internet\Portable\maven\m2\net\bytebuddy\byte-buddy\1.9.16\byte-buddy-1.9.16.jar;C:\Users\Internet\Portable\maven\m2\com\vaadin\external\gentyref\1.2.0.vaadin1\gentyref-1.2.0.vaadin1.jar;C:\Users\Internet\Portable\maven\m2\com\vaadin\flow-push\2.0.15\flow-push-2.0.15.jar;C:\Users\Internet\Portable\maven\m2\com\vaadin\external\atmosphere\atmosphere-runtime\2.4.30.slf4jvaadin1\atmosphere-runtime-2.4.30.slf4jvaadin1.jar;C:\Users\Internet\Portable\maven\m2\com\vaadin\flow-client\2.0.15\flow-client-2.0.15.jar;C:\Users\Internet\Portable\maven\m2\org\springframework\spring-webmvc\5.1.9.RELEASE\spring-webmvc-5.1.9.RELEASE.jar;C:\Users\Internet\Portable\maven\m2\org\springframework\spring-websocket\5.1.9.RELEASE\spring-websocket-5.1.9.RELEASE.jar;C:\Users\Internet\Portable\maven\m2\org\vaadin\artur\spring-data-provider\2.0.1\spring-data-provider-2.0.1.jar;C:\Users\Internet\Portable\maven\m2\com\vaadin\flow-data\2.0.15\flow-data-2.0.15.jar;C:\Users\Internet\Portable\maven\m2\javax\validation\validation-api\2.0.1.Final\validation-api-2.0.1.Final.jar;C:\Users\Internet\Portable\maven\m2\org\springframework\boot\spring-boot\2.1.7.RELEASE\spring-boot-2.1.7.RELEASE.jar;C:\Users\Internet\Portable\maven\m2\org\springframework\spring-core\5.1.9.RELEASE\spring-core-5.1.9.RELEASE.jar;C:\Users\Internet\Portable\maven\m2\org\springframework\spring-jcl\5.1.9.RELEASE\spring-jcl-5.1.9.RELEASE.jar;C:\Users\Internet\Portable\maven\m2\org\springframework\spring-context\5.1.9.RELEASE\spring-context-5.1.9.RELEASE.jar;C:\Users\Internet\Portable\maven\m2\org\springframework\boot\spring-boot-autoconfigure\2.1.7.RELEASE\spring-boot-autoconfigure-2.1.7.RELEASE.jar;C:\Users\Internet\Portable\maven\m2\org\springframework\boot\spring-boot-starter-data-jpa\2.1.7.RELEASE\spring-boot-starter-data-jpa-2.1.7.RELEASE.jar;C:\Users\Internet\Portable\maven\m2\org\springframework\boot\spring-boot-starter-aop\2.1.7.RELEASE\spring-boot-starter-aop-2.1.7.RELEASE.jar;C:\Users\Internet\Portable\maven\m2\org\aspectj\aspectjweaver\1.9.4\aspectjweaver-1.9.4.jar;C:\Users\Internet\Portable\maven\m2\org\springframework\boot\spring-boot-starter-jdbc\2.1.7.RELEASE\spring-boot-starter-jdbc-2.1.7.RELEASE.jar;C:\Users\Internet\Portable\maven\m2\com\zaxxer\HikariCP\3.2.0\HikariCP-3.2.0.jar;C:\Users\Internet\Portable\maven\m2\org\springframework\spring-jdbc\5.1.9.RELEASE\spring-jdbc-5.1.9.RELEASE.jar;C:\Users\Internet\Portable\maven\m2\javax\transaction\javax.transaction-api\1.3\javax.transaction-api-1.3.jar;C:\Users\Internet\Portable\maven\m2\org\hibernate\hibernate-core\5.3.10.Final\hibernate-core-5.3.10.Final.jar;C:\Users\Internet\Portable\maven\m2\org\jboss\logging\jboss-logging\3.3.2.Final\jboss-logging-3.3.2.Final.jar;C:\Users\Internet\Portable\maven\m2\javax\persistence\javax.persistence-api\2.2\javax.persistence-api-2.2.jar;C:\Users\Internet\Portable\maven\m2\org\javassist\javassist\3.23.2-GA\javassist-3.23.2-GA.jar;C:\Users\Internet\Portable\maven\m2\antlr\antlr\2.7.7\antlr-2.7.7.jar;C:\Users\Internet\Portable\maven\m2\org\jboss\jandex\2.0.5.Final\jandex-2.0.5.Final.jar;C:\Users\Internet\Portable\maven\m2\com\fasterxml\classmate\1.4.0\classmate-1.4.0.jar;C:\Users\Internet\Portable\maven\m2\org\dom4j\dom4j\2.1.1\dom4j-2.1.1.jar;C:\Users\Internet\Portable\maven\m2\org\hibernate\common\hibernate-commons-annotations\5.0.4.Final\hibernate-commons-annotations-5.0.4.Final.jar;C:\Users\Internet\Portable\maven\m2\org\springframework\data\spring-data-jpa\2.1.10.RELEASE\spring-data-jpa-2.1.10.RELEASE.jar;C:\Users\Internet\Portable\maven\m2\org\springframework\data\spring-data-commons\2.1.10.RELEASE\spring-data-commons-2.1.10.RELEASE.jar;C:\Users\Internet\Portable\maven\m2\org\springframework\spring-orm\5.1.9.RELEASE\spring-orm-5.1.9.RELEASE.jar;C:\Users\Internet\Portable\maven\m2\org\springframework\spring-tx\5.1.9.RELEASE\spring-tx-5.1.9.RELEASE.jar;C:\Users\Internet\Portable\maven\m2\org\springframework\spring-aspects\5.1.9.RELEASE\spring-aspects-5.1.9.RELEASE.jar;C:\Users\Internet\Portable\maven\m2\org\springframework\spring-web\5.1.9.RELEASE\spring-web-5.1.9.RELEASE.jar;C:\Users\Internet\Portable\maven\m2\org\springframework\spring-beans\5.1.9.RELEASE\spring-beans-5.1.9.RELEASE.jar;C:\Users\Internet\Portable\maven\m2\org\springframework\boot\spring-boot-starter-tomcat\2.1.7.RELEASE\spring-boot-starter-tomcat-2.1.7.RELEASE.jar;C:\Users\Internet\Portable\maven\m2\javax\annotation\javax.annotation-api\1.3.2\javax.annotation-api-1.3.2.jar;C:\Users\Internet\Portable\maven\m2\org\apache\tomcat\embed\tomcat-embed-core\9.0.22\tomcat-embed-core-9.0.22.jar;C:\Users\Internet\Portable\maven\m2\org\apache\tomcat\embed\tomcat-embed-el\9.0.22\tomcat-embed-el-9.0.22.jar;C:\Users\Internet\Portable\maven\m2\org\apache\tomcat\embed\tomcat-embed-websocket\9.0.22\tomcat-embed-websocket-9.0.22.jar;C:\Users\Internet\Portable\maven\m2\org\springframework\security\spring-security-web\5.1.6.RELEASE\spring-security-web-5.1.6.RELEASE.jar;C:\Users\Internet\Portable\maven\m2\org\springframework\security\spring-security-core\5.1.6.RELEASE\spring-security-core-5.1.6.RELEASE.jar;C:\Users\Internet\Portable\maven\m2\org\springframework\spring-aop\5.1.9.RELEASE\spring-aop-5.1.9.RELEASE.jar;C:\Users\Internet\Portable\maven\m2\org\springframework\spring-expression\5.1.9.RELEASE\spring-expression-5.1.9.RELEASE.jar;C:\Users\Internet\Portable\maven\m2\org\springframework\security\spring-security-config\5.1.6.RELEASE\spring-security-config-5.1.6.RELEASE.jar;C:\Users\Internet\Portable\maven\m2\org\springframework\boot\spring-boot-starter-web\2.1.7.RELEASE\spring-boot-starter-web-2.1.7.RELEASE.jar;C:\Users\Internet\Portable\maven\m2\org\springframework\boot\spring-boot-starter\2.1.7.RELEASE\spring-boot-starter-2.1.7.RELEASE.jar;C:\Users\Internet\Portable\maven\m2\org\springframework\boot\spring-boot-starter-logging\2.1.7.RELEASE\spring-boot-starter-logging-2.1.7.RELEASE.jar;C:\Users\Internet\Portable\maven\m2\ch\qos\logback\logback-classic\1.2.3\logback-classic-1.2.3.jar;C:\Users\Internet\Portable\maven\m2\ch\qos\logback\logback-core\1.2.3\logback-core-1.2.3.jar;C:\Users\Internet\Portable\maven\m2\org\apache\logging\log4j\log4j-to-slf4j\2.11.2\log4j-to-slf4j-2.11.2.jar;C:\Users\Internet\Portable\maven\m2\org\apache\logging\log4j\log4j-api\2.11.2\log4j-api-2.11.2.jar;C:\Users\Internet\Portable\maven\m2\org\slf4j\jul-to-slf4j\1.7.26\jul-to-slf4j-1.7.26.jar;C:\Users\Internet\Portable\maven\m2\org\yaml\snakeyaml\1.23\snakeyaml-1.23.jar;C:\Users\Internet\Portable\maven\m2\org\springframework\boot\spring-boot-starter-json\2.1.7.RELEASE\spring-boot-starter-json-2.1.7.RELEASE.jar;C:\Users\Internet\Portable\maven\m2\com\fasterxml\jackson\datatype\jackson-datatype-jdk8\2.9.9\jackson-datatype-jdk8-2.9.9.jar;C:\Users\Internet\Portable\maven\m2\com\fasterxml\jackson\datatype\jackson-datatype-jsr310\2.9.9\jackson-datatype-jsr310-2.9.9.jar;C:\Users\Internet\Portable\maven\m2\com\fasterxml\jackson\module\jackson-module-parameter-names\2.9.9\jackson-module-parameter-names-2.9.9.jar;C:\Users\Internet\Portable\maven\m2\org\hibernate\validator\hibernate-validator\6.0.17.Final\hibernate-validator-6.0.17.Final.jar;C:\Users\Internet\Portable\maven\m2\javax\xml\bind\jaxb-api\2.3.1\jaxb-api-2.3.1.jar;C:\Users\Internet\Portable\maven\m2\javax\activation\javax.activation-api\1.2.0\javax.activation-api-1.2.0.jar;C:\Users\Internet\Portable\maven\m2\org\reactivestreams\reactive-streams\1.0.2\reactive-streams-1.0.2.jar;C:\Users\Internet\Portable\maven\m2\com\vaadin\vaadin-testbench\14.0.9\vaadin-testbench-14.0.9.jar;C:\Users\Internet\Portable\maven\m2\com\vaadin\vaadin-testbench-core\6.2.0\vaadin-testbench-core-6.2.0.jar;C:\Users\Internet\Portable\maven\m2\commons-codec\commons-codec\1.11\commons-codec-1.11.jar;C:\Users\Internet\Portable\maven\m2\org\seleniumhq\selenium\selenium-remote-driver\3.141.59\selenium-remote-driver-3.141.59.jar;C:\Users\Internet\Portable\maven\m2\org\seleniumhq\selenium\selenium-api\3.141.59\selenium-api-3.141.59.jar;C:\Users\Internet\Portable\maven\m2\org\apache\commons\commons-exec\1.3\commons-exec-1.3.jar;C:\Users\Internet\Portable\maven\m2\com\google\guava\guava\25.0-jre\guava-25.0-jre.jar;C:\Users\Internet\Portable\maven\m2\com\google\code\findbugs\jsr305\1.3.9\jsr305-1.3.9.jar;C:\Users\Internet\Portable\maven\m2\org\checkerframework\checker-compat-qual\2.0.0\checker-compat-qual-2.0.0.jar;C:\Users\Internet\Portable\maven\m2\com\google\errorprone\error_prone_annotations\2.1.3\error_prone_annotations-2.1.3.jar;C:\Users\Internet\Portable\maven\m2\com\google\j2objc\j2objc-annotations\1.1\j2objc-annotations-1.1.jar;C:\Users\Internet\Portable\maven\m2\org\codehaus\mojo\animal-sniffer-annotations\1.14\animal-sniffer-annotations-1.14.jar;C:\Users\Internet\Portable\maven\m2\com\squareup\okhttp3\okhttp\3.11.0\okhttp-3.11.0.jar;C:\Users\Internet\Portable\maven\m2\com\squareup\okio\okio\1.14.0\okio-1.14.0.jar;C:\Users\Internet\Portable\maven\m2\org\seleniumhq\selenium\selenium-java\3.141.59\selenium-java-3.141.59.jar;C:\Users\Internet\Portable\maven\m2\org\seleniumhq\selenium\selenium-chrome-driver\3.141.59\selenium-chrome-driver-3.141.59.jar;C:\Users\Internet\Portable\maven\m2\org\seleniumhq\selenium\selenium-edge-driver\3.141.59\selenium-edge-driver-3.141.59.jar;C:\Users\Internet\Portable\maven\m2\org\seleniumhq\selenium\selenium-firefox-driver\3.141.59\selenium-firefox-driver-3.141.59.jar;C:\Users\Internet\Portable\maven\m2\org\seleniumhq\selenium\selenium-ie-driver\3.141.59\selenium-ie-driver-3.141.59.jar;C:\Users\Internet\Portable\maven\m2\org\seleniumhq\selenium\selenium-opera-driver\3.141.59\selenium-opera-driver-3.141.59.jar;C:\Users\Internet\Portable\maven\m2\org\seleniumhq\selenium\selenium-safari-driver\3.141.59\selenium-safari-driver-3.141.59.jar;C:\Users\Internet\Portable\maven\m2\org\seleniumhq\selenium\selenium-support\3.141.59\selenium-support-3.141.59.jar;C:\Users\Internet\Portable\maven\m2\junit\junit\4.12\junit-4.12.jar;C:\Users\Internet\Portable\maven\m2\org\hamcrest\hamcrest-core\1.3\hamcrest-core-1.3.jar;C:\Users\Internet\Portable\maven\m2\org\easymock\easymock\3.1\easymock-3.1.jar;C:\Users\Internet\Portable\maven\m2\cglib\cglib-nodep\2.2.2\cglib-nodep-2.2.2.jar;C:\Users\Internet\Portable\maven\m2\org\objenesis\objenesis\1.2\objenesis-1.2.jar;C:\Users\Internet\Portable\maven\m2\com\vaadin\license-checker\1.0.0\license-checker-1.0.0.jar;C:\Users\Internet\Portable\maven\m2\com\google\gwt\gwt-elemental\2.8.0\gwt-elemental-2.8.0.jar;C:\Users\Internet\Portable\maven\m2\com\vaadin\flow-html-components-testbench\2.0.15\flow-html-components-testbench-2.0.15.jar;C:\Users\Internet\Portable\maven\m2\com\vaadin\vaadin-accordion-testbench\2.0.0\vaadin-accordion-testbench-2.0.0.jar;C:\Users\Internet\Portable\maven\m2\org\webjars\bowergithub\polymer\polymer\2.7.0\polymer-2.7.0.jar;C:\Users\Internet\Portable\maven\m2\org\webjars\bowergithub\webcomponents\webcomponentsjs\1.2.6\webcomponentsjs-1.2.6.jar;C:\Users\Internet\Portable\maven\m2\org\webjars\bowergithub\webcomponents\shadycss\1.8.0\shadycss-1.8.0.jar;C:\Users\Internet\Portable\maven\m2\org\webjars\bowergithub\vaadin\vaadin-element-mixin\2.1.3\vaadin-element-mixin-2.1.3.jar;C:\Users\Internet\Portable\maven\m2\org\webjars\bowergithub\vaadin\vaadin-usage-statistics\2.0.11\vaadin-usage-statistics-2.0.11.jar;C:\Users\Internet\Portable\maven\m2\org\webjars\bowergithub\vaadin\vaadin-development-mode-detector\2.0.4\vaadin-development-mode-detector-2.0.4.jar;C:\Users\Internet\Portable\maven\m2\com\vaadin\vaadin-app-layout-testbench\2.0.3\vaadin-app-layout-testbench-2.0.3.jar;C:\Users\Internet\Portable\maven\m2\com\vaadin\vaadin-board-testbench\3.0.0\vaadin-board-testbench-3.0.0.jar;C:\Users\Internet\Portable\maven\m2\com\vaadin\vaadin-button-testbench\2.0.1\vaadin-button-testbench-2.0.1.jar;C:\Users\Internet\Portable\maven\m2\com\vaadin\vaadin-charts-testbench\7.0.1\vaadin-charts-testbench-7.0.1.jar;C:\Users\Internet\Portable\maven\m2\com\vaadin\vaadin-checkbox-testbench\2.0.1\vaadin-checkbox-testbench-2.0.1.jar;C:\Users\Internet\Portable\maven\m2\com\vaadin\vaadin-combo-box-testbench\3.0.4\vaadin-combo-box-testbench-3.0.4.jar;C:\Users\Internet\Portable\maven\m2\com\vaadin\vaadin-confirm-dialog-testbench\2.0.1\vaadin-confirm-dialog-testbench-2.0.1.jar;C:\Users\Internet\Portable\maven\m2\com\vaadin\vaadin-context-menu-testbench\3.0.4\vaadin-context-menu-testbench-3.0.4.jar;C:\Users\Internet\Portable\maven\m2\com\vaadin\vaadin-cookie-consent-testbench\2.0.1\vaadin-cookie-consent-testbench-2.0.1.jar;C:\Users\Internet\Portable\maven\m2\com\vaadin\vaadin-crud-testbench\2.0.1\vaadin-crud-testbench-2.0.1.jar;C:\Users\Internet\Portable\maven\m2\com\vaadin\vaadin-custom-field-testbench\3.0.1\vaadin-custom-field-testbench-3.0.1.jar;C:\Users\Internet\Portable\maven\m2\com\vaadin\vaadin-date-picker-testbench\2.0.3\vaadin-date-picker-testbench-2.0.3.jar;C:\Users\Internet\Portable\maven\m2\com\vaadin\vaadin-details-testbench\2.0.0\vaadin-details-testbench-2.0.0.jar;C:\Users\Internet\Portable\maven\m2\com\vaadin\vaadin-dialog-testbench\2.0.1\vaadin-dialog-testbench-2.0.1.jar;C:\Users\Internet\Portable\maven\m2\com\vaadin\vaadin-form-layout-testbench\2.0.2\vaadin-form-layout-testbench-2.0.2.jar;C:\Users\Internet\Portable\maven\m2\com\vaadin\vaadin-grid-testbench\4.0.8\vaadin-grid-testbench-4.0.8.jar;C:\Users\Internet\Portable\maven\m2\com\vaadin\vaadin-grid-pro-testbench\2.0.2\vaadin-grid-pro-testbench-2.0.2.jar;C:\Users\Internet\Portable\maven\m2\com\vaadin\vaadin-icons-testbench\2.0.0\vaadin-icons-testbench-2.0.0.jar;C:\Users\Internet\Portable\maven\m2\com\vaadin\vaadin-iron-list-testbench\2.0.0\vaadin-iron-list-testbench-2.0.0.jar;C:\Users\Internet\Portable\maven\m2\com\vaadin\vaadin-list-box-testbench\2.0.0\vaadin-list-box-testbench-2.0.0.jar;C:\Users\Internet\Portable\maven\m2\com\vaadin\vaadin-login-testbench\2.0.0\vaadin-login-testbench-2.0.0.jar;C:\Users\Internet\Portable\maven\m2\com\vaadin\vaadin-menu-bar-testbench\1.0.2\vaadin-menu-bar-testbench-1.0.2.jar;C:\Users\Internet\Portable\maven\m2\com\vaadin\vaadin-notification-testbench\2.0.0\vaadin-notification-testbench-2.0.0.jar;C:\Users\Internet\Portable\maven\m2\com\vaadin\vaadin-ordered-layout-testbench\2.0.0\vaadin-ordered-layout-testbench-2.0.0.jar;C:\Users\Internet\Portable\maven\m2\com\vaadin\vaadin-progress-bar-testbench\2.0.2\vaadin-progress-bar-testbench-2.0.2.jar;C:\Users\Internet\Portable\maven\m2\com\vaadin\vaadin-radio-button-testbench\2.0.1\vaadin-radio-button-testbench-2.0.1.jar;C:\Users\Internet\Portable\maven\m2\com\vaadin\vaadin-rich-text-editor-testbench\2.0.0\vaadin-rich-text-editor-testbench-2.0.0.jar;C:\Users\Internet\Portable\maven\m2\com\vaadin\vaadin-select-testbench\2.0.1\vaadin-select-testbench-2.0.1.jar;C:\Users\Internet\Portable\maven\m2\com\vaadin\vaadin-split-layout-testbench\2.0.2\vaadin-split-layout-testbench-2.0.2.jar;C:\Users\Internet\Portable\maven\m2\com\vaadin\vaadin-tabs-testbench\2.0.4\vaadin-tabs-testbench-2.0.4.jar;C:\Users\Internet\Portable\maven\m2\com\vaadin\vaadin-text-field-testbench\2.0.5\vaadin-text-field-testbench-2.0.5.jar;C:\Users\Internet\Portable\maven\m2\com\vaadin\vaadin-time-picker-testbench\2.0.2\vaadin-time-picker-testbench-2.0.2.jar;C:\Users\Internet\Portable\maven\m2\com\vaadin\vaadin-upload-testbench\2.0.1\vaadin-upload-testbench-2.0.1.jar;"/>
    <property name="sun.cpu.endian" value="little"/>
    <property name="user.home" value="C:\Users\Internet"/>
    <property name="user.language" value="de"/>
    <property name="java.specification.vendor" value="Oracle Corporation"/>
    <property name="java.version.date" value="2019-07-16"/>
    <property name="java.home" value="C:\Users\Internet\Portable\PortableApps\CommonFiles\OpenJDK64"/>
    <property name="file.separator" value="\"/>
    <property name="basedir" value="C:\Users\Internet\Portable\github\vaadin-starter"/>
    <property name="java.vm.compressedOopsMode" value="32-bit"/>
    <property name="line.separator" value="&#10;"/>
    <property name="java.vm.specification.vendor" value="Oracle Corporation"/>
    <property name="java.specification.name" value="Java Platform API Specification"/>
    <property name="java.awt.graphicsenv" value="sun.awt.Win32GraphicsEnvironment"/>
    <property name="surefire.real.class.path" value="C:\Users\Internet\AppData\Local\Temp\ConsolePortableTemp\surefire16649376850553191527\surefirebooter3337217384673012878.jar"/>
    <property name="user.script" value=""/>
    <property name="sun.management.compiler" value="HotSpot 64-Bit Tiered Compilers"/>
    <property name="java.runtime.version" value="12.0.2+10"/>
    <property name="user.name" value="Internet"/>
    <property name="path.separator" value=";"/>
    <property name="os.version" value="6.1"/>
    <property name="java.runtime.name" value="OpenJDK Runtime Environment"/>
    <property name="file.encoding" value="Cp1252"/>
    <property name="java.vm.name" value="OpenJDK 64-Bit Server VM"/>
    <property name="java.vendor.version" value="AdoptOpenJDK"/>
    <property name="localRepository" value="C:\Users\Internet\Portable\maven\m2"/>
    <property name="java.vendor.url.bug" value="https://github.com/AdoptOpenJDK/openjdk-build/issues"/>
    <property name="java.io.tmpdir" value="C:\Users\Internet\AppData\Local\Temp\ConsolePortableTemp\"/>
    <property name="java.version" value="12.0.2"/>
    <property name="user.dir" value="C:\Users\Internet\Portable\github\vaadin-starter"/>
    <property name="os.arch" value="amd64"/>
    <property name="java.vm.specification.name" value="Java Virtual Machine Specification"/>
    <property name="sun.os.patch.level" value="Service Pack 1"/>
    <property name="java.library.path" value="C:\Users\Internet\Portable\PortableApps\CommonFiles\OpenJDK64\bin;C:\Windows\Sun\Java\bin;C:\Windows\system32;C:\Windows;&quot;C:\Users\Internet\Portable\PortableApps\CommonFiles\OpenJDK64\bin&quot;;&quot;C:\Users\Internet\Portable\git\bin&quot;;&quot;C:\Users\Internet\Portable\maven\bin&quot;;&quot;C:\Users\Internet\Portable\node12&quot;;."/>
    <property name="java.vm.info" value="mixed mode, sharing"/>
    <property name="java.vendor" value="AdoptOpenJDK"/>
    <property name="java.vm.version" value="12.0.2+10"/>
    <property name="sun.io.unicode.encoding" value="UnicodeLittle"/>
    <property name="java.class.version" value="56.0"/>
  </properties>
  <testcase name="formattingShoudBeLocaleIndependent" classname="com.gmail.michzuerch.ui.utils.converters.LocalTimeConverterTest" time="0"/>
</testsuite>